\BOOKMARK [1][-]{section.1}{\376\377\000I\000n\000t\000r\000o\000d\000u\000c\000t\000i\000o\000n}{}% 1
\BOOKMARK [1][-]{section.2}{\376\377\000R\000e\000l\000a\000t\000e\000d\000\040\000W\000o\000r\000k}{}% 2
\BOOKMARK [1][-]{section.3}{\376\377\000B\000a\000c\000k\000g\000r\000o\000u\000n\000d}{}% 3
\BOOKMARK [2][-]{subsection.3.1}{\376\377\000D\000i\000g\000i\000t\000a\000l\000\040\000F\000o\000r\000e\000n\000s\000i\000c\000s}{section.3}% 4
\BOOKMARK [2][-]{subsection.3.2}{\376\377\000F\000e\000d\000e\000r\000a\000t\000e\000d\000\040\000L\000e\000a\000r\000n\000i\000n\000g}{section.3}% 5
\BOOKMARK [2][-]{subsection.3.3}{\376\377\000A\000t\000t\000a\000c\000k\000\040\000V\000e\000c\000t\000o\000r\000s\000\040\000i\000n\000\040\000F\000L}{section.3}% 6
\BOOKMARK [2][-]{subsection.3.4}{\376\377\000C\000N\000N\000s}{section.3}% 7
\BOOKMARK [2][-]{subsection.3.5}{\376\377\000F\000u\000n\000d\000a\000m\000e\000n\000t\000a\000l\000s}{section.3}% 8
\BOOKMARK [2][-]{subsection.3.6}{\376\377\000T\000r\000a\000n\000s\000f\000e\000r\000\040\000L\000e\000a\000r\000n\000i\000n\000g}{section.3}% 9
\BOOKMARK [2][-]{subsection.3.7}{\376\377\000M\000o\000d\000e\000l\000\040\000E\000x\000p\000l\000a\000i\000n\000a\000b\000i\000l\000i\000t\000y\000\040\000u\000s\000i\000n\000g\000\040\000S\000H\000A\000P}{section.3}% 10
\BOOKMARK [1][-]{section.4}{\376\377\000M\000e\000t\000h\000o\000d\000o\000l\000o\000g\000y}{}% 11
\BOOKMARK [2][-]{subsection.4.1}{\376\377\000E\000x\000p\000e\000r\000i\000m\000e\000n\000t\000a\000l\000\040\000S\000e\000t\000u\000p}{section.4}% 12
\BOOKMARK [3][-]{subsubsection.4.1.1}{\376\377\000D\000a\000t\000a\000s\000e\000t}{subsection.4.1}% 13
\BOOKMARK [3][-]{subsubsection.4.1.2}{\376\377\000M\000o\000d\000e\000l}{subsection.4.1}% 14
\BOOKMARK [2][-]{subsection.4.2}{\376\377\000C\000e\000n\000t\000r\000a\000l\000i\000z\000e\000d\000\040\000F\000a\000k\000e\000\040\000F\000a\000c\000e\000\040\000D\000e\000t\000e\000c\000t\000i\000o\000n\000\040\000M\000o\000d\000e\000l}{section.4}% 15
\BOOKMARK [2][-]{subsection.4.3}{\376\377\000D\000e\000c\000e\000n\000t\000r\000a\000l\000i\000z\000e\000d\000\040\000F\000a\000k\000e\000\040\000F\000a\000c\000e\000\040\000D\000e\000t\000e\000c\000t\000i\000o\000n\000\040\000u\000s\000i\000n\000g\000\040\000F\000L}{section.4}% 16
\BOOKMARK [3][-]{subsubsection.4.3.1}{\376\377\000R\000e\000s\000e\000a\000r\000c\000h\000\040\000S\000c\000e\000n\000a\000r\000i\000o}{subsection.4.3}% 17
\BOOKMARK [3][-]{subsubsection.4.3.2}{\376\377\000T\000h\000r\000e\000a\000d\000\040\000M\000o\000d\000e\000l}{subsection.4.3}% 18
\BOOKMARK [3][-]{subsubsection.4.3.3}{\376\377\000F\000L\000\040\000S\000i\000m\000u\000l\000a\000t\000i\000o\000n}{subsection.4.3}% 19
\BOOKMARK [3][-]{subsubsection.4.3.4}{\376\377\000F\000L\000\040\000a\000t\000t\000a\000c\000k\000\040\000m\000i\000t\000i\000g\000a\000t\000i\000o\000n\000s}{subsection.4.3}% 20
\BOOKMARK [2][-]{subsection.4.4}{\376\377\000E\000x\000p\000l\000a\000i\000n\000a\000b\000i\000l\000i\000t\000y\000\040\000u\000s\000i\000n\000g\000\040\000S\000H\000A\000P}{section.4}% 21
\BOOKMARK [1][-]{section.5}{\376\377\000R\000e\000s\000u\000l\000t\000s}{}% 22
\BOOKMARK [1][-]{section.6}{\376\377\000D\000i\000s\000c\000u\000s\000s\000i\000o\000n}{}% 23
\BOOKMARK [1][-]{section.7}{\376\377\000C\000o\000n\000c\000l\000u\000s\000i\000o\000n}{}% 24
